2022-01-21 06:12:10 DEBUG Student Diego Alegre 33241378 ELEMENTARY_SCHOOL MATHS
2022-01-21 06:12:10 DEBUG Student Nicolas Costurie 45794147 HIGH_SCHOOL HISTORY
2022-01-21 06:12:10 DEBUG Student Romina Alegre 30187946 ACADEMIC GEOGRAPHY
2022-01-21 06:12:10 DEBUG Student Camila Kusnier 39487124 MIDDLE_SCHOOL MUSIC
2022-01-21 06:12:10 DEBUG Student Rosenda Yedro 6137173 WITHOUT_EDUCATION SCIENCE
2022-01-21 06:12:10 INFO  
2022-01-21 06:12:10 INFO  
2022-01-21 06:12:10 DEBUG Teacher Juan Perez 20154798 POSTGRADUATE GEOGRAPHY
2022-01-21 06:12:10 DEBUG Teacher Pedro Ramirez 18546319 HIGH_SCHOOL SCIENCE
2022-01-21 06:12:10 DEBUG Teacher Rodrigo Malo 25840323 ACADEMIC HISTORY
2022-01-21 06:12:10 INFO  
2022-01-21 06:12:10 DEBUG Assistant Juana Molina 15784987 MIDDLE_SCHOOL The salary is: 1325.5
2022-01-21 06:12:10 DEBUG Assistant Rosa Rodriguez 92784555 WITHOUT_EDUCATION The salary is: 1250.7
2022-01-21 06:12:10 DEBUG Assistant Manuela Gonzalez 19785143 ELEMENTARY_SCHOOL The salary is: 1173.7
2022-01-21 06:12:10 INFO  
2022-01-21 06:12:10 INFO  Number of furniture 17
2022-01-21 06:12:10 INFO  
2022-01-21 06:12:10 INFO  Number of books in the library: 7
2022-01-21 06:12:10 INFO  
2022-01-21 06:12:10 INFO  Number of Didactic Materials: 14
2022-01-21 06:12:10 INFO  
2022-01-21 06:12:10 INFO  Diego Alegre
2022-01-21 06:12:10 INFO  Nicolas Costurie
2022-01-21 06:12:10 INFO  Romina Alegre
2022-01-21 06:12:10 INFO  
2022-01-21 06:12:10 INFO  Juan Perez
2022-01-21 06:12:10 INFO  Pedro Ramirez
2022-01-21 06:12:10 INFO  Rodrigo Malo
2022-01-21 06:12:10 INFO  
2022-01-21 06:12:10 INFO  Juana Molina
2022-01-21 06:12:10 INFO  Rosa Rodriguez
2022-01-21 06:12:10 INFO  Manuela Gonzalez
2022-01-21 06:12:10 INFO  
2022-01-21 06:12:10 INFO  Teacher Juan Perez is present
2022-01-21 06:12:10 INFO  Teacher Rodrigo Malo is present
2022-01-21 06:12:10 INFO  
2022-01-21 06:12:10 INFO  Teacher Pedro Ramirez is not present
2022-01-21 06:12:10 INFO  Assistant Juana Molina is not present
2022-01-21 06:12:10 INFO  
2022-01-21 06:12:10 INFO  Teacher Pedro Ramirez is ill
2022-01-21 06:12:10 INFO  Assistant Manuela Gonzalez is ill
2022-01-21 06:12:10 INFO  
2022-01-21 06:12:10 INFO  Whiteboard1 is broken
2022-01-21 06:12:10 INFO  Desk2 is broken
2022-01-21 06:12:10 INFO  
2022-01-21 06:12:10 WARN  Rosenda Yedro
2022-01-21 06:12:10 INFO  
2022-01-21 06:12:10 INFO  January Payed
2022-01-21 06:12:10 INFO  February Payed
2022-01-21 06:12:10 INFO  
2022-01-21 06:12:10 INFO  March not Payed
2022-01-21 06:12:10 INFO  
2022-01-21 06:12:10 ERROR Page not found
2022-01-21 06:12:10 ERROR File not found
2022-01-21 06:12:10 INFO  The name Maradona is 3 times on this page
2022-01-21 06:12:10 INFO  C:\Users\alegr
2022-01-21 06:12:10 ERROR File not found: nothing.txt
